<?xml version="1.0" encoding="UTF-8"?>
<!-- Generated by org.testng.reporters.JUnitReportReporter -->
<testsuite hostname="PC-PC" name="com.sirma.itt.javacourse.objects.summator.SummatorTest" tests="23" failures="0" timestamp="7 Sep 2014 21:32:01 GMT" time="0.038" errors="0">
  <testcase name="testSumNullString" time="0.002" classname="com.sirma.itt.javacourse.objects.summator.SummatorTest"/>
  <testcase name="testSumIntNegativeNumbers" time="0.001" classname="com.sirma.itt.javacourse.objects.summator.SummatorTest"/>
  <testcase name="testSumIntMinimumValue" time="0.001" classname="com.sirma.itt.javacourse.objects.summator.SummatorTest"/>
  <testcase name="testSumFloatZeros" time="0.001" classname="com.sirma.itt.javacourse.objects.summator.SummatorTest"/>
  <testcase name="testSumStringNegativeRealNumbers" time="0.001" classname="com.sirma.itt.javacourse.objects.summator.SummatorTest"/>
  <testcase name="testSumBigIntegerNegativeNumbers" time="0.001" classname="com.sirma.itt.javacourse.objects.summator.SummatorTest"/>
  <testcase name="testSumIntZeros" time="0.001" classname="com.sirma.itt.javacourse.objects.summator.SummatorTest"/>
  <testcase name="testSumStringNumbers" time="0.000" classname="com.sirma.itt.javacourse.objects.summator.SummatorTest"/>
  <testcase name="testSumStringBigRealNumbers" time="0.001" classname="com.sirma.itt.javacourse.objects.summator.SummatorTest"/>
  <testcase name="testSumFloatMinimumValue" time="0.001" classname="com.sirma.itt.javacourse.objects.summator.SummatorTest"/>
  <testcase name="testSumStringRealNumbers" time="0.001" classname="com.sirma.itt.javacourse.objects.summator.SummatorTest"/>
  <testcase name="testSumBigIntegerZeros" time="0.001" classname="com.sirma.itt.javacourse.objects.summator.SummatorTest"/>
  <testcase name="testSumStringBigNegativeNumbers" time="0.002" classname="com.sirma.itt.javacourse.objects.summator.SummatorTest"/>
  <testcase name="testSumInvalidFormatString" time="0.001" classname="com.sirma.itt.javacourse.objects.summator.SummatorTest"/>
  <testcase name="testSumBigDecimalNegativeNumbers" time="0.015" classname="com.sirma.itt.javacourse.objects.summator.SummatorTest"/>
  <testcase name="testSumFloatMaximumValue" time="0.001" classname="com.sirma.itt.javacourse.objects.summator.SummatorTest"/>
  <testcase name="testSumFloatNegativeNumbers" time="0.001" classname="com.sirma.itt.javacourse.objects.summator.SummatorTest"/>
  <testcase name="testSumStringBigNumbers" time="0.000" classname="com.sirma.itt.javacourse.objects.summator.SummatorTest"/>
  <testcase name="testSumStringBigRealNegativeNumbers" time="0.001" classname="com.sirma.itt.javacourse.objects.summator.SummatorTest"/>
  <testcase name="testSumBigDecimalZeros" time="0.001" classname="com.sirma.itt.javacourse.objects.summator.SummatorTest"/>
  <testcase name="testSumEmptyString" time="0.001" classname="com.sirma.itt.javacourse.objects.summator.SummatorTest"/>
  <testcase name="testSumIntMaximumValue" time="0.002" classname="com.sirma.itt.javacourse.objects.summator.SummatorTest"/>
  <testcase name="testSumStringNegativeNumbers" time="0.001" classname="com.sirma.itt.javacourse.objects.summator.SummatorTest"/>
</testsuite> <!-- com.sirma.itt.javacourse.objects.summator.SummatorTest -->
