<?xml version="1.0" encoding="UTF-8"?>
<!-- Generated by org.testng.reporters.JUnitReportReporter -->
<testsuite hostname="PC-PC" name="com.sirma.itt.javacourse.intro.hangman.ArrayHandlerTest" tests="3" failures="0" timestamp="7 Sep 2014 13:03:44 GMT" time="0.018" errors="0">
  <testcase name="testArrayHandlerNonExistingWord" time="0.001" classname="com.sirma.itt.javacourse.intro.hangman.ArrayHandlerTest"/>
  <testcase name="testArrayHandlerEmptyArray" time="0.012" classname="com.sirma.itt.javacourse.intro.hangman.ArrayHandlerTest"/>
  <testcase name="testArrayHandlerNullArray" time="0.005" classname="com.sirma.itt.javacourse.intro.hangman.ArrayHandlerTest"/>
</testsuite> <!-- com.sirma.itt.javacourse.intro.hangman.ArrayHandlerTest -->
