<?xml version="1.0" encoding="UTF-8"?>
<!-- Generated by org.testng.reporters.JUnitReportReporter -->
<testsuite hostname="PC-PC" name="com.sirma.itt.javacourse.intro.arrays.ArrayQuickSortTest" tests="9" failures="0" timestamp="27 Aug 2014 21:55:44 GMT" time="0.030" errors="0">
  <testcase name="testSortOnlyNegativeElements" time="0.000" classname="com.sirma.itt.javacourse.intro.arrays.ArrayQuickSortTest"/>
  <testcase name="testSortOneElementInArray" time="0.000" classname="com.sirma.itt.javacourse.intro.arrays.ArrayQuickSortTest"/>
  <testcase name="testSortEmptyArray" time="0.020" classname="com.sirma.itt.javacourse.intro.arrays.ArrayQuickSortTest"/>
  <testcase name="testSortPositiveNegativeElements" time="0.000" classname="com.sirma.itt.javacourse.intro.arrays.ArrayQuickSortTest"/>
  <testcase name="testSortTwoElements" time="0.010" classname="com.sirma.itt.javacourse.intro.arrays.ArrayQuickSortTest"/>
  <testcase name="testSortSortedNumbers" time="0.000" classname="com.sirma.itt.javacourse.intro.arrays.ArrayQuickSortTest"/>
  <testcase name="testSortRepeatableNumbers" time="0.000" classname="com.sirma.itt.javacourse.intro.arrays.ArrayQuickSortTest"/>
  <testcase name="testSortNormalElements" time="0.000" classname="com.sirma.itt.javacourse.intro.arrays.ArrayQuickSortTest"/>
  <testcase name="testSortNullArray" time="0.000" classname="com.sirma.itt.javacourse.intro.arrays.ArrayQuickSortTest"/>
</testsuite> <!-- com.sirma.itt.javacourse.intro.arrays.ArrayQuickSortTest -->
