<?xml version="1.0" encoding="UTF-8"?>
<!-- Generated by org.testng.reporters.JUnitReportReporter -->
<testsuite hostname="PC-PC" name="com.sirma.itt.javacourse.intro.strings.RandomStringTest" tests="3" failures="0" timestamp="27 Jul 2014 13:13:34 GMT" time="0.040" errors="0">
  <testcase name="testGenerateRandomStringZeroLength" time="0.001" classname="com.sirma.itt.javacourse.intro.strings.RandomStringTest"/>
  <testcase name="testGenerateRandomStringNegativeNumberLength" time="0.038" classname="com.sirma.itt.javacourse.intro.strings.RandomStringTest"/>
  <testcase name="testGenerateRandomStringValidSymbols" time="0.001" classname="com.sirma.itt.javacourse.intro.strings.RandomStringTest"/>
</testsuite> <!-- com.sirma.itt.javacourse.intro.strings.RandomStringTest -->
