<?xml version="1.0" encoding="UTF-8"?>
<!-- Generated by org.testng.reporters.JUnitReportReporter -->
<testsuite hostname="PC-PC" name="com.sirma.itt.javacourse.intro.arrays.ArrayReverseTest" tests="5" failures="0" timestamp="27 Aug 2014 22:00:25 GMT" time="0.010" errors="0">
  <testcase name="testReverseArrayNormalNumbers" time="0.000" classname="com.sirma.itt.javacourse.intro.arrays.ArrayReverseTest"/>
  <testcase name="testReverseArrayEmptyArray" time="0.010" classname="com.sirma.itt.javacourse.intro.arrays.ArrayReverseTest"/>
  <testcase name="testReverseArrayTwoElements" time="0.000" classname="com.sirma.itt.javacourse.intro.arrays.ArrayReverseTest"/>
  <testcase name="testReverseArrayOneElementInArray" time="0.000" classname="com.sirma.itt.javacourse.intro.arrays.ArrayReverseTest"/>
  <testcase name="testReverseArrayNullArray" time="0.000" classname="com.sirma.itt.javacourse.intro.arrays.ArrayReverseTest"/>
</testsuite> <!-- com.sirma.itt.javacourse.intro.arrays.ArrayReverseTest -->
