<?xml version="1.0" encoding="UTF-8"?>
<!-- Generated by org.testng.reporters.JUnitReportReporter -->
<testsuite hostname="PC-PC" name="com.sirma.itt.javacourse.intro.arrays.ArrayMedianTest" tests="6" failures="0" timestamp="27 Jul 2014 13:00:06 GMT" time="0.035" errors="0">
  <testcase name="testFindArrayMedianNoSuchElement" time="0.001" classname="com.sirma.itt.javacourse.intro.arrays.ArrayMedianTest"/>
  <testcase name="testFindArrayMedianNullArray" time="0.001" classname="com.sirma.itt.javacourse.intro.arrays.ArrayMedianTest"/>
  <testcase name="testFindArrayMedianEmptyArray" time="0.023" classname="com.sirma.itt.javacourse.intro.arrays.ArrayMedianTest"/>
  <testcase name="testFindArrayMedianOneElementInArray" time="0.002" classname="com.sirma.itt.javacourse.intro.arrays.ArrayMedianTest"/>
  <testcase name="testFindArrayMedianNormalNumbers" time="0.002" classname="com.sirma.itt.javacourse.intro.arrays.ArrayMedianTest"/>
  <testcase name="testFindArrayMedianNegativeNumbers" time="0.006" classname="com.sirma.itt.javacourse.intro.arrays.ArrayMedianTest"/>
</testsuite> <!-- com.sirma.itt.javacourse.intro.arrays.ArrayMedianTest -->
