<?xml version="1.0" encoding="UTF-8"?>
<!-- Generated by org.testng.reporters.JUnitReportReporter -->
<testsuite hostname="PC-PC" name="com.sirma.itt.javacourse.intro.numbers.GreatestCommonDivisorTest" tests="10" failures="0" timestamp="27 Jul 2014 20:55:57 GMT" time="0.020" errors="0">
  <testcase name="testFindCreatestCommonDivisorNormalNumbers" time="0.000" classname="com.sirma.itt.javacourse.intro.numbers.GreatestCommonDivisorTest"/>
  <testcase name="testFindLeastCommonMultiplePrimeNumbers" time="0.001" classname="com.sirma.itt.javacourse.intro.numbers.GreatestCommonDivisorTest"/>
  <testcase name="testFindLeastCommonMultipleNormalNumbers" time="0.000" classname="com.sirma.itt.javacourse.intro.numbers.GreatestCommonDivisorTest"/>
  <testcase name="testFindCreatestCommonDivisorPrimeNumbers" time="0.001" classname="com.sirma.itt.javacourse.intro.numbers.GreatestCommonDivisorTest"/>
  <testcase name="testFindCreatestCommonDivisorNegativeNumbers" time="0.014" classname="com.sirma.itt.javacourse.intro.numbers.GreatestCommonDivisorTest"/>
  <testcase name="testFindLeastCommonMultipleNegativeNumbers" time="0.002" classname="com.sirma.itt.javacourse.intro.numbers.GreatestCommonDivisorTest"/>
  <testcase name="testFindLeastCommonMultipleOneZero" time="0.001" classname="com.sirma.itt.javacourse.intro.numbers.GreatestCommonDivisorTest"/>
  <testcase name="testFindCreatestCommonDivisorTwoZeros" time="0.000" classname="com.sirma.itt.javacourse.intro.numbers.GreatestCommonDivisorTest"/>
  <testcase name="testFindCreatestCommonDivisorOneZero" time="0.000" classname="com.sirma.itt.javacourse.intro.numbers.GreatestCommonDivisorTest"/>
  <testcase name="testFindLeastCommonMultipleTwoZeros" time="0.001" classname="com.sirma.itt.javacourse.intro.numbers.GreatestCommonDivisorTest"/>
</testsuite> <!-- com.sirma.itt.javacourse.intro.numbers.GreatestCommonDivisorTest -->
