<?xml version="1.0" encoding="UTF-8"?>
<!-- Generated by org.testng.reporters.JUnitReportReporter -->
<testsuite hostname="PC-PC" name="com.sirma.itt.javacourse.intro.arrays.ArrayProcessTest" tests="16" failures="0" timestamp="27 Aug 2014 21:53:09 GMT" time="0.030" errors="0">
  <testcase name="testPrintNormalNumbers" time="0.010" classname="com.sirma.itt.javacourse.intro.arrays.ArrayProcessTest"/>
  <testcase name="testGetMinElementNullArray" time="0.010" classname="com.sirma.itt.javacourse.intro.arrays.ArrayProcessTest"/>
  <testcase name="testPrintEmptyArray" time="0.000" classname="com.sirma.itt.javacourse.intro.arrays.ArrayProcessTest"/>
  <testcase name="testSumNegativeNumbers" time="0.000" classname="com.sirma.itt.javacourse.intro.arrays.ArrayProcessTest"/>
  <testcase name="testSumEmptyArray" time="0.000" classname="com.sirma.itt.javacourse.intro.arrays.ArrayProcessTest"/>
  <testcase name="testGetMinElementNegativeNumbers" time="0.000" classname="com.sirma.itt.javacourse.intro.arrays.ArrayProcessTest"/>
  <testcase name="testPrintNullArray" time="0.000" classname="com.sirma.itt.javacourse.intro.arrays.ArrayProcessTest"/>
  <testcase name="testSumNormalNumbers" time="0.000" classname="com.sirma.itt.javacourse.intro.arrays.ArrayProcessTest"/>
  <testcase name="testSumOnlyZeros" time="0.000" classname="com.sirma.itt.javacourse.intro.arrays.ArrayProcessTest"/>
  <testcase name="testGetMinElementEqualElements" time="0.000" classname="com.sirma.itt.javacourse.intro.arrays.ArrayProcessTest"/>
  <testcase name="testPrintOneElementInArray" time="0.000" classname="com.sirma.itt.javacourse.intro.arrays.ArrayProcessTest"/>
  <testcase name="testSumOneElementInArray" time="0.000" classname="com.sirma.itt.javacourse.intro.arrays.ArrayProcessTest"/>
  <testcase name="testGetMinElementNormalNumbers" time="0.000" classname="com.sirma.itt.javacourse.intro.arrays.ArrayProcessTest"/>
  <testcase name="testGetMinElementOneElementInArray" time="0.000" classname="com.sirma.itt.javacourse.intro.arrays.ArrayProcessTest"/>
  <testcase name="testGetMinElementEmptyArray" time="0.010" classname="com.sirma.itt.javacourse.intro.arrays.ArrayProcessTest"/>
  <testcase name="testSumNullArray" time="0.000" classname="com.sirma.itt.javacourse.intro.arrays.ArrayProcessTest"/>
</testsuite> <!-- com.sirma.itt.javacourse.intro.arrays.ArrayProcessTest -->
