<?xml version="1.0" encoding="UTF-8"?>
<!-- Generated by org.testng.reporters.JUnitReportReporter -->
<testsuite hostname="PC-PC" name="com.sirma.itt.javacourse.intro.hangman.HangmanTest" tests="5" failures="0" timestamp="7 Sep 2014 18:42:18 GMT" time="0.024" errors="0">
  <testcase name="testHangmanNoWrongAnswerNumberAttempts" time="0.000" classname="com.sirma.itt.javacourse.intro.hangman.HangmanTest"/>
  <testcase name="testHangmanLoose" time="0.001" classname="com.sirma.itt.javacourse.intro.hangman.HangmanTest"/>
  <testcase name="testHangmanLeftOneAttempt" time="0.021" classname="com.sirma.itt.javacourse.intro.hangman.HangmanTest"/>
  <testcase name="testHangmanNull" time="0.000" classname="com.sirma.itt.javacourse.intro.hangman.HangmanTest"/>
  <testcase name="testHangmanWin" time="0.002" classname="com.sirma.itt.javacourse.intro.hangman.HangmanTest"/>
</testsuite> <!-- com.sirma.itt.javacourse.intro.hangman.HangmanTest -->
