<?xml version="1.0" encoding="UTF-8"?>
<!-- Generated by org.testng.reporters.JUnitReportReporter -->
<testsuite hostname="PC-PC" name="com.sirma.itt.javacourse.intro.numbers.SummatorLargeNumbersTest" tests="7" failures="0" timestamp="8 Sep 2014 21:17:48 GMT" time="0.025" errors="0">
  <testcase name="testSumLargeNumbersTwoZeros" time="0.001" classname="com.sirma.itt.javacourse.intro.numbers.SummatorLargeNumbersTest"/>
  <testcase name="testSumLargeNumbersInvalidNumbers" time="0.002" classname="com.sirma.itt.javacourse.intro.numbers.SummatorLargeNumbersTest"/>
  <testcase name="testSumLargeNumbersNegativeNumbers" time="0.000" classname="com.sirma.itt.javacourse.intro.numbers.SummatorLargeNumbersTest"/>
  <testcase name="testSumEmptyString" time="0.013" classname="com.sirma.itt.javacourse.intro.numbers.SummatorLargeNumbersTest"/>
  <testcase name="testSumLargeNumbersNormalNumbers" time="0.003" classname="com.sirma.itt.javacourse.intro.numbers.SummatorLargeNumbersTest"/>
  <testcase name="testSumLargeNumbersOneZero" time="0.005" classname="com.sirma.itt.javacourse.intro.numbers.SummatorLargeNumbersTest"/>
  <testcase name="testSumNullString" time="0.001" classname="com.sirma.itt.javacourse.intro.numbers.SummatorLargeNumbersTest"/>
</testsuite> <!-- com.sirma.itt.javacourse.intro.numbers.SummatorLargeNumbersTest -->
