<?xml version="1.0" encoding="UTF-8"?>
<!-- Generated by org.testng.reporters.JUnitReportReporter -->
<testsuite hostname="PC-PC" name="com.sirma.itt.javacourse.intro.arrays.ArrayReverseTest" tests="5" failures="0" timestamp="26 Jul 2014 23:37:10 GMT" time="0.019" errors="0">
  <testcase name="testReverseArrayNormalNumbers" time="0.001" classname="com.sirma.itt.javacourse.intro.arrays.ArrayReverseTest"/>
  <testcase name="testReverseArrayOneElementInArray" time="0.001" classname="com.sirma.itt.javacourse.intro.arrays.ArrayReverseTest"/>
  <testcase name="testReverseArrayTwoElements" time="0.003" classname="com.sirma.itt.javacourse.intro.arrays.ArrayReverseTest"/>
  <testcase name="testReverseArrayEmptyArray" time="0.013" classname="com.sirma.itt.javacourse.intro.arrays.ArrayReverseTest"/>
  <testcase name="testReverseArrayNullArray" time="0.001" classname="com.sirma.itt.javacourse.intro.arrays.ArrayReverseTest"/>
</testsuite> <!-- com.sirma.itt.javacourse.intro.arrays.ArrayReverseTest -->
